0.000 [ Info   ][Logger] No ORO_LOGLEVEL environment variable set.
0.000 [ Info   ][Logger]  OROCOS version '2.6.0' compiled with GCC 4.6.3. Running in GNU/Linux.
0.000 [ Info   ][Logger] Orocos Logging Activated at level : [ Warning] ( 4 ) 
0.000 [ Info   ][Logger] Reference System Time is : 1367224299586868566 ticks ( 1.36722e+09 seconds ).
0.000 [ Info   ][Logger] Logging is relative to this time.
0.001 [ Info   ][Logger] No RTT_COMPONENT_PATH set. Using default: /opt/ros/fuerte/stacks/orocos_toolchain/install/lib/orocos
0.001 [ Info   ][Logger] plugin 'rtt' not loaded before.
0.001 [ Info   ][Logger] Loading plugin libraries from directory /opt/ros/fuerte/stacks/orocos_toolchain/install/lib/orocos/gnulinux/./plugins ...
0.002 [ Info   ][Logger] Loaded RTT Service 'marshalling' from 'rtt-marshalling'
0.002 [ Info   ][Logger] Loaded RTT Service 'scripting' from 'rtt-scripting'
0.002 [ Info   ][Logger] typekit 'rtt' not loaded before.
0.002 [ Info   ][Logger] Loading typekit libraries from directory /opt/ros/fuerte/stacks/orocos_toolchain/install/lib/orocos/gnulinux/./types ...
0.071 [ Info   ][TypekitRepository::Import] Loading Typekit rtt-types.
0.072 [ Info   ][Logger] Loaded RTT TypeKit/Transport 'rtt-types' from 'rtt-typekit'
0.134 [ Info   ][TypekitRepository::Import] Loading Transport CORBA://rtt-types.
0.134 [ Info   ][TypekitRepository::Import] Registered new 'CORBA' transport for ConnPolicy
0.134 [ Info   ][TypekitRepository::Import] Registered new 'CORBA' transport for TaskContext
0.134 [ Info   ][TypekitRepository::Import] Registered new 'CORBA' transport for array
0.134 [ Info   ][TypekitRepository::Import] Registered new 'CORBA' transport for bool
0.134 [ Info   ][TypekitRepository::Import] Registered new 'CORBA' transport for char
0.134 [ Info   ][TypekitRepository::Import] Registered new 'CORBA' transport for double
0.134 [ Info   ][TypekitRepository::Import] Registered new 'CORBA' transport for float
0.134 [ Info   ][TypekitRepository::Import] Registered new 'CORBA' transport for int
0.134 [ Info   ][TypekitRepository::Import] Registered new 'CORBA' transport for string
0.135 [ Info   ][TypekitRepository::Import] Registered new 'CORBA' transport for uint
0.135 [ Info   ][TypekitRepository::Import] Registered new 'CORBA' transport for void
0.135 [ Info   ][Logger] Loaded RTT TypeKit/Transport 'rtt-corba-types' from 'rtt-transport-corba'
0.143 [ Info   ][TypekitRepository::Import] Loading Transport mqueue://rtt-types.
0.143 [ Info   ][TypekitRepository::Import] Registered new 'mqueue' transport for array
0.143 [ Info   ][TypekitRepository::Import] Registered new 'mqueue' transport for bool
0.144 [ Info   ][TypekitRepository::Import] Registered new 'mqueue' transport for char
0.144 [ Info   ][TypekitRepository::Import] Registered new 'mqueue' transport for double
0.144 [ Info   ][TypekitRepository::Import] Registered new 'mqueue' transport for float
0.144 [ Info   ][TypekitRepository::Import] Registered new 'mqueue' transport for int
0.144 [ Info   ][TypekitRepository::Import] Registered new 'mqueue' transport for uint
0.144 [ Info   ][Logger] Loaded RTT TypeKit/Transport 'rtt-mqueue-transport' from 'rtt-transport-mqueue'
0.144 [ Info   ][Logger] No RTT_COMPONENT_PATH set. Using default: /opt/ros/fuerte/stacks/orocos_toolchain/install/lib/orocos
0.144 [ Info   ][Thread] Creating Thread for scheduler=ORO_SCHED_OTHER, priority=1, CPU affinity=0, with name='lua'
0.145 [ Info   ][lua] Thread created with scheduler type 'ORO_SCHED_OTHER', priority 0, cpu affinity 15 and period 0 (PID= 2974 ).
0.145 [ Info   ][Thread] Creating Thread for scheduler=ORO_SCHED_OTHER, priority=1, CPU affinity=0, with name='GlobalEngine'
0.145 [ Info   ][GlobalEngine] Thread created with scheduler type 'ORO_SCHED_OTHER', priority 0, cpu affinity 15 and period 0 (PID= 2975 ).
0.147 [ Info   ][Thread] Creating Thread for scheduler=ORO_SCHED_OTHER, priority=1, CPU affinity=0, with name='Deployer'
0.147 [ Info   ][Deployer] Thread created with scheduler type 'ORO_SCHED_OTHER', priority 0, cpu affinity 15 and period 0 (PID= 2976 ).
0.149 [ Info   ][/opt/ros/fuerte/stacks/orocos_toolchain/ocl/bin/rttlua-gnulinux::main()] No site file was found. Importing 'ocl' by default.
0.156 [ Info   ][DeploymentComponent::import] Importing directory /opt/ros/fuerte/stacks/orocos_toolchain/install/lib/orocos/gnulinux/ocl ...
0.165 [ Info   ][DeploymentComponent::import] Loaded multi component library '/opt/ros/fuerte/stacks/orocos_toolchain/install/lib/orocos/gnulinux/ocl/liborocos-ocl-timer-gnulinux.so'
0.170 [ Info   ][DeploymentComponent::import] Loaded multi component library '/opt/ros/fuerte/stacks/orocos_toolchain/install/lib/orocos/gnulinux/ocl/liborocos-ocl-reporting-gnulinux.so'
0.172 [ Info   ][DeploymentComponent::import] Loaded component type 'OCL::LuaTLSFComponent'
0.177 [ Info   ][DeploymentComponent::import] Loaded multi component library '/opt/ros/fuerte/stacks/orocos_toolchain/install/lib/orocos/gnulinux/ocl/liborocos-ocl-logging-gnulinux.so'
0.183 [ Info   ][DeploymentComponent::import] Loaded component type 'OCL::HelloWorld'
0.184 [ Info   ][DeploymentComponent::import] Loaded component type 'OCL::LuaComponent'
0.190 [ Info   ][DeploymentComponent::import] Loaded multi component library '/opt/ros/fuerte/stacks/orocos_toolchain/install/lib/orocos/gnulinux/ocl/liborocos-ocl-common-gnulinux.so'
0.267 [ Info   ][DeploymentComponent::import] Loaded multi component library '/opt/ros/fuerte/stacks/orocos_toolchain/install/lib/orocos/gnulinux/ocl/liborocos-ocl-reporting-netcdf-gnulinux.so'
0.267 [ Info   ][DeploymentComponent::import] Loaded component type 'OCL::NetcdfReporting'
0.267 [ Info   ][DeploymentComponent::import] Loading typekit libraries from directory /opt/ros/fuerte/stacks/orocos_toolchain/install/lib/orocos/gnulinux/ocl/types ...
0.287 [ Info   ][TypekitRepository::Import] Loading Typekit OCLTypekit.
0.287 [ Info   ][DeploymentComponent::import] Loaded RTT TypeKit/Transport 'OCLTypekit' from 'ocl'
0.287 [ Info   ][DeploymentComponent::import] Loading plugin libraries from directory /opt/ros/fuerte/stacks/orocos_toolchain/install/lib/orocos/gnulinux/ocl/plugins ...
0.289 [ Info   ][DeploymentComponent::import] Loaded RTT Service 'Lua' from 'rttlua-plugin'
0.292 [ Info   ][DeploymentComponent::import] Loaded RTT Service 'LuaTLSF' from 'rttlua-tlsf-plugin'
0.297 [ Info   ][DeploymentComponent::import] Loaded RTT Service 'os' from 'os'
0.301 [ Info   ][DeploymentComponent::import] Loaded RTT Service 'print' from 'print'
0.335 [ Info   ][DeploymentComponent::import] Importing directory /opt/ros/fuerte/stacks/rtt_ros_integration/rtt_rospack/lib/orocos/gnulinux ...
0.336 [ Info   ][DeploymentComponent::import] Loading plugin libraries from directory /opt/ros/fuerte/stacks/rtt_ros_integration/rtt_rospack/lib/orocos/gnulinux/plugins ...
0.339 [ Info   ][DeploymentComponent::import] Loaded RTT Plugin 'rospack' from 'rtt_rospack'
0.340 [ Info   ][DeploymentComponent::import] Importing directory /opt/ros/fuerte/stacks/rtt_ros_integration/rtt_rosnode/lib/orocos/gnulinux ...
0.340 [ Info   ][DeploymentComponent::import] Loading typekit libraries from directory /opt/ros/fuerte/stacks/rtt_ros_integration/rtt_rosnode/lib/orocos/gnulinux/types ...
0.555 [ Info   ][TypekitRepository::Import] Loading Typekit ros-primitives.
0.558 [ Info   ][DeploymentComponent::import] Loaded RTT TypeKit/Transport 'ros-primitives' from 'rtt-ros-primitives-typekit'
0.558 [ Info   ][DeploymentComponent::import] Loading plugin libraries from directory /opt/ros/fuerte/stacks/rtt_ros_integration/rtt_rosnode/lib/orocos/gnulinux/plugins ...
0.634 [ Info   ][DeploymentComponent::import] Loaded RTT Service 'rosparam' from 'rtt_rosparam_service'
0.643 [ Info   ][DeploymentComponent::import] Initializing ROS node
0.663 [ Info   ][DeploymentComponent::import] ROS node spinner started
0.663 [ Info   ][DeploymentComponent::import] Loaded RTT Plugin 'ros_integration' from 'rtt_rosnode'
0.664 [ Info   ][DeploymentComponent::import] Importing directory /home/youbot/orocos/youbot_hardware/rtt_youbot_msgs/lib/orocos/gnulinux ...
0.664 [ Info   ][DeploymentComponent::import] Loading typekit libraries from directory /home/youbot/orocos/youbot_hardware/rtt_youbot_msgs/lib/orocos/gnulinux/types ...
0.748 [ Info   ][TypekitRepository::Import] Loading Typekit ros-youbot_msgs.
0.749 [ Info   ][DeploymentComponent::import] Loaded RTT TypeKit/Transport 'ros-youbot_msgs' from 'rtt-youbot_msgs-typekit'
0.764 [ Info   ][TypekitRepository::Import] Loading Transport ros://ros-youbot_msgs.
0.764 [ Info   ][TypekitRepository::Import] Registered new 'ros' transport for /youbot_msgs/driver_state
0.764 [ Info   ][TypekitRepository::Import] Registered new 'ros' transport for /youbot_msgs/error_count
0.765 [ Info   ][TypekitRepository::Import] Registered new 'ros' transport for /youbot_msgs/motor_state
0.765 [ Info   ][TypekitRepository::Import] Registered new 'ros' transport for /youbot_msgs/motor_states
0.765 [ Info   ][DeploymentComponent::import] Loaded RTT TypeKit/Transport 'rtt-ros-youbot_msgs-transport' from 'rtt-youbot_msgs-ros-transport'
0.765 [ Info   ][DeploymentComponent::import] Importing directory /opt/ros/fuerte/stacks/rtt_ros_comm/rtt_std_msgs/lib/orocos/gnulinux ...
0.766 [ Info   ][DeploymentComponent::import] Loading typekit libraries from directory /opt/ros/fuerte/stacks/rtt_ros_comm/rtt_std_msgs/lib/orocos/gnulinux/types ...
0.862 [ Info   ][TypekitRepository::Import] Loading Transport ros://ros-std_msgs.
0.862 [ Info   ][DeploymentComponent::import] Loaded RTT TypeKit/Transport 'rtt-ros-std_msgs-transport' from 'rtt-std_msgs-ros-transport'
1.590 [ Info   ][TypekitRepository::Import] Loading Typekit ros-std_msgs.
1.590 [ Info   ][TypekitRepository::Import] Registered new 'ros' transport for /std_msgs/Header
1.591 [ Info   ][TypekitRepository::Import] Registered new 'ros' transport for /std_msgs/Int8MultiArray
1.591 [ Info   ][TypekitRepository::Import] Registered new 'ros' transport for /std_msgs/Empty
1.592 [ Info   ][TypekitRepository::Import] Registered new 'ros' transport for /std_msgs/UInt16MultiArray
1.592 [ Info   ][TypekitRepository::Import] Registered new 'ros' transport for /std_msgs/Int32
1.592 [ Info   ][TypekitRepository::Import] Registered new 'ros' transport for /std_msgs/Byte
1.593 [ Info   ][TypekitRepository::Import] Registered new 'ros' transport for /std_msgs/UInt32
1.593 [ Info   ][TypekitRepository::Import] Registered new 'ros' transport for /std_msgs/Float32MultiArray
1.593 [ Info   ][TypekitRepository::Import] Registered new 'ros' transport for /std_msgs/UInt64
1.594 [ Info   ][TypekitRepository::Import] Registered new 'ros' transport for /std_msgs/UInt16
1.594 [ Info   ][TypekitRepository::Import] Registered new 'ros' transport for /std_msgs/MultiArrayDimension
1.594 [ Info   ][TypekitRepository::Import] Registered new 'ros' transport for /std_msgs/Float32
1.594 [ Info   ][TypekitRepository::Import] Registered new 'ros' transport for /std_msgs/Float64MultiArray
1.595 [ Info   ][TypekitRepository::Import] Registered new 'ros' transport for /std_msgs/UInt8
1.595 [ Info   ][TypekitRepository::Import] Registered new 'ros' transport for /std_msgs/Int16
1.595 [ Info   ][TypekitRepository::Import] Registered new 'ros' transport for /std_msgs/Char
1.596 [ Info   ][TypekitRepository::Import] Registered new 'ros' transport for /std_msgs/Int64MultiArray
1.596 [ Info   ][TypekitRepository::Import] Registered new 'ros' transport for /std_msgs/Int64
1.596 [ Info   ][TypekitRepository::Import] Registered new 'ros' transport for /std_msgs/Int8
1.597 [ Info   ][TypekitRepository::Import] Registered new 'ros' transport for /std_msgs/Float64
1.597 [ Info   ][TypekitRepository::Import] Registered new 'ros' transport for /std_msgs/ColorRGBA
1.597 [ Info   ][TypekitRepository::Import] Registered new 'ros' transport for /std_msgs/MultiArrayLayout
1.598 [ Info   ][TypekitRepository::Import] Registered new 'ros' transport for /std_msgs/ByteMultiArray
1.598 [ Info   ][TypekitRepository::Import] Registered new 'ros' transport for /std_msgs/Int32MultiArray
1.598 [ Info   ][TypekitRepository::Import] Registered new 'ros' transport for /std_msgs/UInt8MultiArray
1.598 [ Info   ][TypekitRepository::Import] Registered new 'ros' transport for /std_msgs/UInt32MultiArray
1.599 [ Info   ][TypekitRepository::Import] Registered new 'ros' transport for /std_msgs/Int16MultiArray
1.599 [ Info   ][TypekitRepository::Import] Registered new 'ros' transport for /std_msgs/String
1.599 [ Info   ][TypekitRepository::Import] Registered new 'ros' transport for /std_msgs/Time
1.600 [ Info   ][TypekitRepository::Import] Registered new 'ros' transport for /std_msgs/Duration
1.600 [ Info   ][TypekitRepository::Import] Registered new 'ros' transport for /std_msgs/Bool
1.600 [ Info   ][TypekitRepository::Import] Registered new 'ros' transport for /std_msgs/UInt64MultiArray
1.601 [ Info   ][DeploymentComponent::import] Loaded RTT TypeKit/Transport 'ros-std_msgs' from 'rtt-std_msgs-typekit'
1.601 [ Info   ][DeploymentComponent::import] Importing directory /opt/ros/fuerte/stacks/rtt_ros_comm/rtt_rosgraph_msgs/lib/orocos/gnulinux ...
1.601 [ Info   ][DeploymentComponent::import] Loading typekit libraries from directory /opt/ros/fuerte/stacks/rtt_ros_comm/rtt_rosgraph_msgs/lib/orocos/gnulinux/types ...
1.650 [ Info   ][TypekitRepository::Import] Loading Typekit ros-rosgraph_msgs.
1.650 [ Info   ][DeploymentComponent::import] Loaded RTT TypeKit/Transport 'ros-rosgraph_msgs' from 'rtt-rosgraph_msgs-typekit'
1.660 [ Info   ][TypekitRepository::Import] Loading Transport ros://ros-rosgraph_msgs.
1.660 [ Info   ][TypekitRepository::Import] Registered new 'ros' transport for /rosgraph_msgs/Clock
1.660 [ Info   ][TypekitRepository::Import] Registered new 'ros' transport for /rosgraph_msgs/Log
1.660 [ Info   ][DeploymentComponent::import] Loaded RTT TypeKit/Transport 'rtt-ros-rosgraph_msgs-transport' from 'rtt-rosgraph_msgs-ros-transport'
1.660 [ Info   ][DeploymentComponent::import] Importing directory /opt/ros/fuerte/stacks/rtt_common_msgs/rtt_geometry_msgs/lib/orocos/gnulinux ...
1.660 [ Info   ][DeploymentComponent::import] Loading typekit libraries from directory /opt/ros/fuerte/stacks/rtt_common_msgs/rtt_geometry_msgs/lib/orocos/gnulinux/types ...
1.736 [ Info   ][TypekitRepository::Import] Loading Transport ros://ros-geometry_msgs.
1.737 [ Info   ][DeploymentComponent::import] Loaded RTT TypeKit/Transport 'rtt-ros-geometry_msgs-transport' from 'rtt-geometry_msgs-ros-transport'
2.299 [ Info   ][TypekitRepository::Import] Loading Typekit ros-geometry_msgs.
2.300 [ Info   ][TypekitRepository::Import] Registered new 'ros' transport for /geometry_msgs/Wrench
2.300 [ Info   ][TypekitRepository::Import] Registered new 'ros' transport for /geometry_msgs/Vector3Stamped
2.300 [ Info   ][TypekitRepository::Import] Registered new 'ros' transport for /geometry_msgs/Pose
2.301 [ Info   ][TypekitRepository::Import] Registered new 'ros' transport for /geometry_msgs/PoseArray
2.301 [ Info   ][TypekitRepository::Import] Registered new 'ros' transport for /geometry_msgs/Pose2D
2.302 [ Info   ][TypekitRepository::Import] Registered new 'ros' transport for /geometry_msgs/WrenchStamped
2.302 [ Info   ][TypekitRepository::Import] Registered new 'ros' transport for /geometry_msgs/Point32
2.302 [ Info   ][TypekitRepository::Import] Registered new 'ros' transport for /geometry_msgs/PoseWithCovariance
2.303 [ Info   ][TypekitRepository::Import] Registered new 'ros' transport for /geometry_msgs/QuaternionStamped
2.303 [ Info   ][TypekitRepository::Import] Registered new 'ros' transport for /geometry_msgs/Twist
2.303 [ Info   ][TypekitRepository::Import] Registered new 'ros' transport for /geometry_msgs/Quaternion
2.304 [ Info   ][TypekitRepository::Import] Registered new 'ros' transport for /geometry_msgs/TwistWithCovariance
2.304 [ Info   ][TypekitRepository::Import] Registered new 'ros' transport for /geometry_msgs/Vector3
2.305 [ Info   ][TypekitRepository::Import] Registered new 'ros' transport for /geometry_msgs/PoseStamped
2.305 [ Info   ][TypekitRepository::Import] Registered new 'ros' transport for /geometry_msgs/Polygon
2.305 [ Info   ][TypekitRepository::Import] Registered new 'ros' transport for /geometry_msgs/Transform
2.306 [ Info   ][TypekitRepository::Import] Registered new 'ros' transport for /geometry_msgs/TransformStamped
2.306 [ Info   ][TypekitRepository::Import] Registered new 'ros' transport for /geometry_msgs/PointStamped
2.307 [ Info   ][TypekitRepository::Import] Registered new 'ros' transport for /geometry_msgs/TwistStamped
2.307 [ Info   ][TypekitRepository::Import] Registered new 'ros' transport for /geometry_msgs/PoseWithCovarianceStamped
2.307 [ Info   ][TypekitRepository::Import] Registered new 'ros' transport for /geometry_msgs/Point
2.308 [ Info   ][TypekitRepository::Import] Registered new 'ros' transport for /geometry_msgs/TwistWithCovarianceStamped
2.308 [ Info   ][TypekitRepository::Import] Registered new 'ros' transport for /geometry_msgs/PolygonStamped
2.309 [ Info   ][DeploymentComponent::import] Loaded RTT TypeKit/Transport 'ros-geometry_msgs' from 'rtt-geometry_msgs-typekit'
2.309 [ Info   ][DeploymentComponent::import] Importing directory /opt/ros/fuerte/stacks/rtt_common_msgs/rtt_nav_msgs/lib/orocos/gnulinux ...
2.309 [ Info   ][DeploymentComponent::import] Loading typekit libraries from directory /opt/ros/fuerte/stacks/rtt_common_msgs/rtt_nav_msgs/lib/orocos/gnulinux/types ...
2.329 [ Info   ][TypekitRepository::Import] Loading Transport ros://ros-nav_msgs.
2.329 [ Info   ][DeploymentComponent::import] Loaded RTT TypeKit/Transport 'rtt-ros-nav_msgs-transport' from 'rtt-nav_msgs-ros-transport'
2.462 [ Info   ][TypekitRepository::Import] Loading Typekit ros-nav_msgs.
2.463 [ Info   ][TypekitRepository::Import] Registered new 'ros' transport for /nav_msgs/MapMetaData
2.463 [ Info   ][TypekitRepository::Import] Registered new 'ros' transport for /nav_msgs/Path
2.464 [ Info   ][TypekitRepository::Import] Registered new 'ros' transport for /nav_msgs/OccupancyGrid
2.464 [ Info   ][TypekitRepository::Import] Registered new 'ros' transport for /nav_msgs/Odometry
2.464 [ Info   ][TypekitRepository::Import] Registered new 'ros' transport for /nav_msgs/GridCells
2.465 [ Info   ][DeploymentComponent::import] Loaded RTT TypeKit/Transport 'ros-nav_msgs' from 'rtt-nav_msgs-typekit'
2.465 [ Info   ][DeploymentComponent::import] Importing directory /opt/ros/fuerte/stacks/rtt_common_msgs/rtt_sensor_msgs/lib/orocos/gnulinux ...
2.465 [ Info   ][DeploymentComponent::import] Loading typekit libraries from directory /opt/ros/fuerte/stacks/rtt_common_msgs/rtt_sensor_msgs/lib/orocos/gnulinux/types ...
2.935 [ Info   ][TypekitRepository::Import] Loading Typekit ros-sensor_msgs.
2.942 [ Info   ][DeploymentComponent::import] Loaded RTT TypeKit/Transport 'ros-sensor_msgs' from 'rtt-sensor_msgs-typekit'
3.013 [ Info   ][TypekitRepository::Import] Loading Transport ros://ros-sensor_msgs.
3.013 [ Info   ][TypekitRepository::Import] Registered new 'ros' transport for /sensor_msgs/CameraInfo
3.013 [ Info   ][TypekitRepository::Import] Registered new 'ros' transport for /sensor_msgs/ChannelFloat32
3.013 [ Info   ][TypekitRepository::Import] Registered new 'ros' transport for /sensor_msgs/CompressedImage
3.013 [ Info   ][TypekitRepository::Import] Registered new 'ros' transport for /sensor_msgs/Image
3.013 [ Info   ][TypekitRepository::Import] Registered new 'ros' transport for /sensor_msgs/Imu
3.013 [ Info   ][TypekitRepository::Import] Registered new 'ros' transport for /sensor_msgs/JointState
3.013 [ Info   ][TypekitRepository::Import] Registered new 'ros' transport for /sensor_msgs/Joy
3.014 [ Info   ][TypekitRepository::Import] Registered new 'ros' transport for /sensor_msgs/JoyFeedback
3.014 [ Info   ][TypekitRepository::Import] Registered new 'ros' transport for /sensor_msgs/JoyFeedbackArray
3.014 [ Info   ][TypekitRepository::Import] Registered new 'ros' transport for /sensor_msgs/LaserScan
3.014 [ Info   ][TypekitRepository::Import] Registered new 'ros' transport for /sensor_msgs/NavSatFix
3.014 [ Info   ][TypekitRepository::Import] Registered new 'ros' transport for /sensor_msgs/NavSatStatus
3.014 [ Info   ][TypekitRepository::Import] Registered new 'ros' transport for /sensor_msgs/PointCloud
3.014 [ Info   ][TypekitRepository::Import] Registered new 'ros' transport for /sensor_msgs/PointCloud2
3.014 [ Info   ][TypekitRepository::Import] Registered new 'ros' transport for /sensor_msgs/PointField
3.014 [ Info   ][TypekitRepository::Import] Registered new 'ros' transport for /sensor_msgs/Range
3.014 [ Info   ][TypekitRepository::Import] Registered new 'ros' transport for /sensor_msgs/RegionOfInterest
3.014 [ Info   ][TypekitRepository::Import] Registered new 'ros' transport for /sensor_msgs/TimeReference
3.015 [ Info   ][DeploymentComponent::import] Loaded RTT TypeKit/Transport 'rtt-ros-sensor_msgs-transport' from 'rtt-sensor_msgs-ros-transport'
3.015 [ Info   ][DeploymentComponent::import] Importing directory /home/youbot/orocos/motion_control/rtt_motion_control_msgs/lib/orocos/gnulinux ...
3.015 [ Info   ][DeploymentComponent::import] Loading typekit libraries from directory /home/youbot/orocos/motion_control/rtt_motion_control_msgs/lib/orocos/gnulinux/types ...
3.123 [ Info   ][TypekitRepository::Import] Loading Typekit ros-motion_control_msgs.
3.125 [ Info   ][DeploymentComponent::import] Loaded RTT TypeKit/Transport 'ros-motion_control_msgs' from 'rtt-motion_control_msgs-typekit'
3.144 [ Info   ][TypekitRepository::Import] Loading Transport ros://ros-motion_control_msgs.
3.144 [ Info   ][TypekitRepository::Import] Registered new 'ros' transport for /motion_control_msgs/JointAccelerations
3.144 [ Info   ][TypekitRepository::Import] Registered new 'ros' transport for /motion_control_msgs/JointEfforts
3.144 [ Info   ][TypekitRepository::Import] Registered new 'ros' transport for /motion_control_msgs/JointPositions
3.144 [ Info   ][TypekitRepository::Import] Registered new 'ros' transport for /motion_control_msgs/JointVelocities
3.145 [ Info   ][DeploymentComponent::import] Loaded RTT TypeKit/Transport 'rtt-ros-motion_control_msgs-transport' from 'rtt-motion_control_msgs-ros-transport'
3.145 [ Info   ][DeploymentComponent::import] Importing directory /home/youbot/orocos/youbot_hardware/youbot_driver_rtt/lib/orocos/gnulinux ...
3.201 [ Info   ][DeploymentComponent::import] Loaded component type 'youbot_driver::YoubotDriver'
3.201 [ Info   ][DeploymentComponent::import] Loading plugin libraries from directory /home/youbot/orocos/youbot_hardware/youbot_driver_rtt/lib/orocos/gnulinux/plugins ...
3.202 [ Info   ][DeploymentComponent::import] Loaded RTT Plugin 'youbot-plugin' from 'youbot-plugin'
3.204 [ Info   ][DeploymentComponent::import] Component package 'rtt_std_msgs' already imported.
3.205 [ Info   ][DeploymentComponent::import] Component package 'rtt_youbot_msgs' already imported.
3.206 [ Info   ][DeploymentComponent::import] Component package 'rtt_motion_control_msgs' already imported.
3.207 [ Info   ][DeploymentComponent::import] Component package 'rtt_rosnode' already imported.
3.209 [ Info   ][Thread] Creating Thread for scheduler=ORO_SCHED_OTHER, priority=1, CPU affinity=0, with name='youbot'
3.209 [ Info   ][youbot] Thread created with scheduler type 'ORO_SCHED_OTHER', priority 0, cpu affinity 15 and period 0 (PID= 2988 ).
3.210 [ Info   ][DeploymentComponent::loadComponent] Adding youbot as new peer:  OK.
3.212 [ Info   ][Thread] Creating Thread for scheduler=ORO_SCHED_RT, priority=50, CPU affinity=4294967295, with name='youbot'
3.212 [ Warning][Thread] Lowering scheduler type to SCHED_OTHER for non-privileged users..
3.212 [ Warning][Thread] Forcing priority (50) of thread with SCHED_OTHER policy to 0.
3.213 [ Warning][youbot] Lowering scheduler type to SCHED_OTHER for non-privileged users..
3.213 [ Info   ][youbot] Thread created with scheduler type 'ORO_SCHED_OTHER', priority 0, cpu affinity 15 and period 0.002 (PID= 2989 ).
3.215 [ Info   ][/opt/ros/fuerte/stacks/orocos_toolchain/ocl/bin/rttlua-gnulinux::main()] Loading Service or Plugin Lua in TaskContext youbot
4.112 [ Info   ][youbot] Found base power board KR-845
4.112 [ Info   ][youbot] Found wheel slave TMCM-1632
4.112 [ Info   ][youbot] Found wheel slave TMCM-1632
4.113 [ Info   ][youbot] Detected youbot base, loading Base service
4.113 [ Info   ][youbot] Found arm power board KR-843
4.113 [ Info   ][youbot] Detected youbot arm.
4.115 [ Info   ][youbot] Detected youbot arm, loading Arm1 service
4.115 [ Info   ][youbot] Configuring base.
4.115 [ Info   ][youbot] setDefParam: slave: 2   param nr: 159   desval: 3
4.117 [ Info   ][youbot] setDefParam: slave: 3   param nr: 159   desval: 3
4.119 [ Info   ][youbot] setDefParam: slave: 4   param nr: 159   desval: 3
4.121 [ Info   ][youbot] setDefParam: slave: 5   param nr: 159   desval: 3
4.122 [ Info   ][youbot] setDefParam: slave: 2   param nr: 167   desval: 0
4.124 [ Info   ][youbot] setDefParam: slave: 3   param nr: 167   desval: 0
4.126 [ Info   ][youbot] setDefParam: slave: 4   param nr: 167   desval: 0
4.128 [ Info   ][youbot] setDefParam: slave: 5   param nr: 167   desval: 0
4.129 [ Info   ][youbot] setDefParam: slave: 2   param nr: 249   desval: 1
4.131 [ Info   ][youbot] setDefParam: slave: 3   param nr: 249   desval: 1
4.133 [ Info   ][youbot] setDefParam: slave: 4   param nr: 249   desval: 1
4.135 [ Info   ][youbot] setDefParam: slave: 5   param nr: 249   desval: 1
4.136 [ Info   ][youbot] setDefParam: slave: 2   param nr: 250   desval: 4000
4.138 [ Info   ][youbot] setDefParam: slave: 3   param nr: 250   desval: 4000
4.140 [ Info   ][youbot] setDefParam: slave: 4   param nr: 250   desval: 4000
4.141 [ Info   ][youbot] setDefParam: slave: 5   param nr: 250   desval: 4000
4.143 [ Info   ][youbot] setDefParam: slave: 2   param nr: 251   desval: 1
4.145 [ Info   ][youbot] setDefParam: slave: 3   param nr: 251   desval: 1
4.147 [ Info   ][youbot] setDefParam: slave: 4   param nr: 251   desval: 1
4.148 [ Info   ][youbot] setDefParam: slave: 5   param nr: 251   desval: 1
4.149 [ Info   ][youbot] setDefParam: slave: 2   param nr: 253   desval: 16
4.151 [ Info   ][youbot] setDefParam: slave: 3   param nr: 253   desval: 16
4.152 [ Info   ][youbot] setDefParam: slave: 4   param nr: 253   desval: 16
4.154 [ Info   ][youbot] setDefParam: slave: 5   param nr: 253   desval: 16
4.155 [ Info   ][youbot] setDefParam: slave: 2   param nr: 254   desval: 1
4.157 [ Info   ][youbot] setDefParam: slave: 3   param nr: 254   desval: 1
4.158 [ Info   ][youbot] setDefParam: slave: 4   param nr: 254   desval: 1
4.160 [ Info   ][youbot] setDefParam: slave: 5   param nr: 254   desval: 1
4.162 [ Info   ][youbot] Calibrating arm service
4.162 [ Info   ][youbot] setDefParam: slave: 7   param nr: 159   desval: 3
4.163 [ Info   ][youbot] setDefParam: slave: 8   param nr: 159   desval: 3
4.165 [ Info   ][youbot] setDefParam: slave: 9   param nr: 159   desval: 3
4.167 [ Info   ][youbot] setDefParam: slave: 10   param nr: 159   desval: 3
4.168 [ Info   ][youbot] setDefParam: slave: 7   param nr: 167   desval: 0
4.170 [ Info   ][youbot] setDefParam: slave: 8   param nr: 167   desval: 0
4.172 [ Info   ][youbot] setDefParam: slave: 9   param nr: 167   desval: 0
4.174 [ Info   ][youbot] setDefParam: slave: 10   param nr: 167   desval: 0
4.175 [ Info   ][youbot] setDefParam: slave: 7   param nr: 249   desval: 1
4.177 [ Info   ][youbot] setDefParam: slave: 8   param nr: 249   desval: 1
4.179 [ Info   ][youbot] setDefParam: slave: 9   param nr: 249   desval: 1
4.180 [ Info   ][youbot] setDefParam: slave: 10   param nr: 249   desval: 1
4.182 [ Info   ][youbot] setDefParam: slave: 7   param nr: 250   desval: 4000
4.184 [ Info   ][youbot] setDefParam: slave: 8   param nr: 250   desval: 4000
4.185 [ Info   ][youbot] setDefParam: slave: 9   param nr: 250   desval: 4000
4.186 [ Info   ][youbot] setDefParam: slave: 10   param nr: 250   desval: 4000
4.188 [ Info   ][youbot] setDefParam: slave: 7   param nr: 251   desval: 1
4.189 [ Info   ][youbot] setDefParam: slave: 8   param nr: 251   desval: 1
4.191 [ Info   ][youbot] setDefParam: slave: 9   param nr: 251   desval: 1
4.193 [ Info   ][youbot] setDefParam: slave: 10   param nr: 251   desval: 1
4.194 [ Info   ][youbot] setDefParam: slave: 7   param nr: 253   desval: 16
4.195 [ Info   ][youbot] setDefParam: slave: 8   param nr: 253   desval: 16
4.197 [ Info   ][youbot] setDefParam: slave: 9   param nr: 253   desval: 16
4.199 [ Info   ][youbot] setDefParam: slave: 10   param nr: 253   desval: 16
4.200 [ Info   ][youbot] setDefParam: slave: 7   param nr: 254   desval: 1
4.202 [ Info   ][youbot] setDefParam: slave: 8   param nr: 254   desval: 1
4.203 [ Info   ][youbot] setDefParam: slave: 9   param nr: 254   desval: 1
4.205 [ Info   ][youbot] setDefParam: slave: 10   param nr: 254   desval: 1
4.208 [ Info   ][youbot] configure: setting axis 0 to 5768
4.210 [ Info   ][youbot] configure: setting axis 1 to 5768
4.211 [ Info   ][youbot] configure: setting axis 2 to 3899
4.213 [ Info   ][youbot] configure: setting axis 3 to 2746
4.215 [ Info   ][youbot] configure: setting axis 4 to 1750
4.227 [ Info   ][/opt/ros/fuerte/stacks/orocos_toolchain/ocl/bin/rttlua-gnulinux::main()] Request operational state for all slaves
4.229 [ Info   ][/opt/ros/fuerte/stacks/orocos_toolchain/ocl/bin/rttlua-gnulinux::main()] Operational state reached for all slaves.
4.236 [ Info   ][/opt/ros/fuerte/stacks/orocos_toolchain/ocl/bin/rttlua-gnulinux::main()] YoubotBaseService: started
4.243 [ Info   ][/opt/ros/fuerte/stacks/orocos_toolchain/ocl/bin/rttlua-gnulinux::main()] YoubotArmService: started
4.250 [ Info   ][Thread] Creating Thread for scheduler=ORO_SCHED_OTHER, priority=1, CPU affinity=0, with name='RosPublishActivity'
4.250 [ Info   ][RosPublishActivity] Thread created with scheduler type 'base: MODULE_INIT set for slaveORO_SCHED_OTHER3', priority 
4.250 [ Info   ][RosPublishActivity] 0, cpu affinity 15 and period 0 (PID= 2991 ).
4.251 [ Info   ][youbot::sendMBX] Created output stream for output port motor_states
4.257 [ Info   ][youbot::sendMBX] Created output stream for output port jointstate
4.264 [ Info   ][youbot::sendMBX] Created input stream for input port joint_position_command
4.270 [ Info   ][youbot::sendMBX] Created input stream for input port joint_velocity_command
4.276 [ Info   ][youbot::sendMBX] Created input stream for input port joint_effort_command
4.282 [ Info   ][youbot::sendMBX] Created input stream for input port gripper_cmd_ros
4.288 [ Info   ][OperationCallerC] Created output stream for output port control_mode_ros
4.294 [ Info   ][OperationCallerC] Created output stream for output port events_ros
4.300 [ Info   ][OperationCallerC] Created output stream for output port motor_states
4.307 [ Info   ][OperationCallerC] Created output stream for output port odometry
4.313 [ Info   ][OperationCallerC] Created output stream for output port control_mode_ros
4.319 [ Info   ][OperationCallerC] Created output stream for output port events_ros
4.326 [ Info   ][OperationCallerC] Created input stream for input port cmd_twist
4.332 [ Info   ][OperationCallerC] Created input stream for input port cmd_current_ros
4.338 [ Info   ][OperationCallerC] Created output stream for output port driver_state
4.868 [ Info   ][OperationCallerC] arm: MODULE_INIT set for slave3
4.868 [ Info   ][OperationCallerC] arm: MODULE_INIT set for slave4
4.874 [ Info   ][OperationCallerC] arm: MODULE_INIT set for slave0
4.956 [ Info   ][OperationCallerC] arm: MODULE_INIT set for slave1
5.112 [ Info   ][OperationCallerC] arm: MODULE_INIT set for slave2
5.341 [ Info   ][DeploymentComponent::import] Component package 'rtt_rospack' already imported.
51.119 [ Info   ][OperationCallerC] Start move in
51.119 [ Warning][OperationCallerC] Disabling joint limit safety.
54.453 [ Info   ][OperationCallerC] Axis 1 finished: 0.08926588200273
55.895 [ Info   ][OperationCallerC] Axis 3 finished: 0.1948587707879
56.398 [ Info   ][OperationCallerC] Axis 2 finished: 0.14121827133275
75.677 [ Info   ][OperationCallerC] Axis 0 finished: 1.132372817765
113.478 [ Info   ][OperationCallerC] Axis 4 finished: 2.9581199092134
113.487 [ Info   ][OperationCallerC] Move close to zero
113.488 [ Warning][OperationCallerC] Enabling joint limit safety.
119.814 [ Info   ][OperationCallerC] Axis 1 finished: -0.00027532988500512
122.880 [ Info   ][OperationCallerC] Axis 3 finished: -0.00021605363209657
126.955 [ Info   ][OperationCallerC] Axis 2 finished: -0.00015339807878856
128.739 [ Info   ][OperationCallerC] Axis 4 finished: -0.00038889653777382
128.797 [ Info   ][OperationCallerC] Axis 0 finished: -0.0002359970442901
